File downloaded successfully: https://www.dl.dropboxusercontent.com/s/81dzh2m3ui30zpi/BlenderShapes.x3d
File downloaded successfully: https://3dprint.nih.gov/sites/all/modules/pubdlcnt/pubdlcnt.php?fid=35601/CM0024_whole.x3d
File downloaded successfully: https://www.dl.dropboxusercontent.com/s/ou3gt0yg3ww2tb7/Heart.x3d
File downloaded successfully: https://www.dl.dropboxusercontent.com/s/81dzh2m3ui30zpi/BlenderShapes.x3d
File downloaded successfully: https://www.dl.dropboxusercontent.com/s/zjwfdcuajnj1nby/BlenderShapes.x3d
File downloaded successfully: https://cdn.pixabay.com/photo/2013/05/25/21/34/mount-merapi-113620_960_720.jpg
File downloaded successfully: https://www.dl.dropboxusercontent.com/s/haxikogv2fpcffy/BlenderShapes.x3d
File downloaded successfully: https://cdn.pixabay.com/photo/2013/03/04/20/59/valley-90388_960_720.jpg
File downloaded successfully: https://www.dl.dropboxusercontent.com/s/haxikogv2fpcffy/BlenderShapes.x3d
File downloaded successfully: https://www.dl.dropboxusercontent.com/s/haxikogv2fpcffy/BlenderShapes.x3d
File downloaded successfully: https://www.dl.dropboxusercontent.com/s/haxikogv2fpcffy/BlenderShapes.x3d
File downloaded successfully: https://www.dl.dropboxusercontent.com/s/haxikogv2fpcffy/BlenderShapes.x3d
File downloaded successfully: https://www.dl.dropboxusercontent.com/s/haxikogv2fpcffy/BlenderShapes.x3d
File downloaded successfully: https://www.dl.dropboxusercontent.com/s/haxikogv2fpcffy/BlenderShapes.x3d
File downloaded successfully: https://www.dl.dropboxusercontent.com/s/haxikogv2fpcffy/BlenderShapes.x3d
File downloaded successfully: https://www.dl.dropboxusercontent.com/s/haxikogv2fpcffy/BlenderShapes.x3d
File downloaded successfully: https://www.dl.dropboxusercontent.com/s/haxikogv2fpcffy/BlenderShapes.x3d
File downloaded successfully: https://www.dl.dropboxusercontent.com/s/haxikogv2fpcffy/BlenderShapes.x3d
File downloaded successfully: https://www.dl.dropboxusercontent.com/s/haxikogv2fpcffy/BlenderShapes.x3d
File downloaded successfully: https://www.dl.dropboxusercontent.com/s/haxikogv2fpcffy/BlenderShapes.x3d
File downloaded successfully: https://www.dl.dropboxusercontent.com/s/haxikogv2fpcffy/BlenderShapes.x3d
File downloaded successfully: https://www.dl.dropboxusercontent.com/s/haxikogv2fpcffy/BlenderShapes.x3d
File downloaded successfully: https://www.dl.dropboxusercontent.com/s/haxikogv2fpcffy/BlenderShapes.x3d
File downloaded successfully: https://www.dl.dropboxusercontent.com/s/haxikogv2fpcffy/BlenderShapes.x3d
File downloaded successfully: https://www.dl.dropboxusercontent.com/s/haxikogv2fpcffy/BlenderShapes.x3d
File downloaded successfully: https://www.dl.dropboxusercontent.com/s/haxikogv2fpcffy/BlenderShapes.x3d
File downloaded successfully: https://www.dl.dropboxusercontent.com/s/haxikogv2fpcffy/BlenderShapes.x3d
File downloaded successfully: https://www.dl.dropboxusercontent.com/s/haxikogv2fpcffy/BlenderShapes.x3d
File downloaded successfully: https://www.dl.dropboxusercontent.com/s/haxikogv2fpcffy/BlenderShapes.x3d
File downloaded successfully: https://www.dl.dropboxusercontent.com/s/haxikogv2fpcffy/BlenderShapes.x3d
File downloaded successfully: https://www.dl.dropboxusercontent.com/s/haxikogv2fpcffy/BlenderShapes.x3d
File downloaded successfully: https://www.dl.dropboxusercontent.com/s/haxikogv2fpcffy/BlenderShapes.x3d
File downloaded successfully: https://www.dl.dropboxusercontent.com/s/haxikogv2fpcffy/BlenderShapes.x3d
File downloaded successfully: https://www.dl.dropboxusercontent.com/s/haxikogv2fpcffy/BlenderShapes.x3d
File downloaded successfully: https://www.dl.dropboxusercontent.com/s/haxikogv2fpcffy/BlenderShapes.x3d
File downloaded successfully: https://www.dl.dropboxusercontent.com/s/haxikogv2fpcffy/BlenderShapes.x3d
File downloaded successfully: https://www.dl.dropboxusercontent.com/s/haxikogv2fpcffy/BlenderShapes.x3d
File downloaded successfully: https://www.dl.dropboxusercontent.com/s/haxikogv2fpcffy/BlenderShapes.x3d
File downloaded successfully: https://www.dl.dropboxusercontent.com/s/haxikogv2fpcffy/BlenderShapes.x3d
File downloaded successfully: https://www.dl.dropboxusercontent.com/s/haxikogv2fpcffy/BlenderShapes.x3d
File downloaded successfully: https://www.dl.dropboxusercontent.com/s/haxikogv2fpcffy/BlenderShapes.x3d
File downloaded successfully: https://www.dl.dropboxusercontent.com/s/haxikogv2fpcffy/BlenderShapes.x3d
File downloaded successfully: https://www.dl.dropboxusercontent.com/s/haxikogv2fpcffy/BlenderShapes.x3d
File downloaded successfully: https://www.dl.dropboxusercontent.com/s/haxikogv2fpcffy/BlenderShapes.x3d
File downloaded successfully: https://www.dl.dropboxusercontent.com/s/haxikogv2fpcffy/BlenderShapes.x3d
File downloaded successfully: https://www.dl.dropboxusercontent.com/s/haxikogv2fpcffy/BlenderShapes.x3d
File downloaded successfully: https://www.dl.dropboxusercontent.com/s/haxikogv2fpcffy/BlenderShapes.x3d
File downloaded successfully: https://www.dl.dropboxusercontent.com/s/haxikogv2fpcffy/BlenderShapes.x3d
File downloaded successfully: https://www.dl.dropboxusercontent.com/s/haxikogv2fpcffy/BlenderShapes.x3d
File downloaded successfully: https://www.dl.dropboxusercontent.com/s/haxikogv2fpcffy/BlenderShapes.x3d
File downloaded successfully: https://www.dl.dropboxusercontent.com/s/haxikogv2fpcffy/BlenderShapes.x3d
File downloaded successfully: https://www.dl.dropboxusercontent.com/s/haxikogv2fpcffy/BlenderShapes.x3d
File downloaded successfully: https://www.dl.dropboxusercontent.com/s/haxikogv2fpcffy/BlenderShapes.x3d
File downloaded successfully: https://www.dl.dropboxusercontent.com/s/haxikogv2fpcffy/BlenderShapes.x3d
File downloaded successfully: https://www.dl.dropboxusercontent.com/s/haxikogv2fpcffy/BlenderShapes.x3d
File downloaded successfully: https://www.dl.dropboxusercontent.com/s/haxikogv2fpcffy/BlenderShapes.x3d
File downloaded successfully: https://www.dl.dropboxusercontent.com/s/haxikogv2fpcffy/BlenderShapes.x3d
File downloaded successfully: https://www.dl.dropboxusercontent.com/s/haxikogv2fpcffy/BlenderShapes.x3d
File downloaded successfully: https://www.dl.dropboxusercontent.com/s/haxikogv2fpcffy/BlenderShapes.x3d
File downloaded successfully: https://www.dl.dropboxusercontent.com/s/haxikogv2fpcffy/BlenderShapes.x3d
File downloaded successfully: https://www.dl.dropboxusercontent.com/s/haxikogv2fpcffy/BlenderShapes.x3d
File downloaded successfully: https://www.dl.dropboxusercontent.com/s/haxikogv2fpcffy/BlenderShapes.x3d
File downloaded successfully: https://www.dl.dropboxusercontent.com/s/haxikogv2fpcffy/BlenderShapes.x3d
File downloaded successfully: https://www.dl.dropboxusercontent.com/s/haxikogv2fpcffy/BlenderShapes.x3d
File downloaded successfully: https://www.dl.dropboxusercontent.com/s/haxikogv2fpcffy/BlenderShapes.x3d
File downloaded successfully: https://www.dl.dropboxusercontent.com/s/haxikogv2fpcffy/BlenderShapes.x3d
File downloaded successfully: https://www.dl.dropboxusercontent.com/s/haxikogv2fpcffy/BlenderShapes.x3d
File downloaded successfully: https://www.dl.dropboxusercontent.com/s/haxikogv2fpcffy/BlenderShapes.x3d
File downloaded successfully: https://www.dl.dropboxusercontent.com/s/haxikogv2fpcffy/BlenderShapes.x3d
File downloaded successfully: https://www.dl.dropboxusercontent.com/s/haxikogv2fpcffy/BlenderShapes.x3d
File downloaded successfully: https://www.dl.dropboxusercontent.com/s/haxikogv2fpcffy/BlenderShapes.x3d
File downloaded successfully: https://www.dl.dropboxusercontent.com/s/haxikogv2fpcffy/BlenderShapes.x3d
File downloaded successfully: https://www.dl.dropboxusercontent.com/s/haxikogv2fpcffy/BlenderShapes.x3d
File downloaded successfully: https://www.dl.dropboxusercontent.com/s/haxikogv2fpcffy/BlenderShapes.x3d
File downloaded successfully: https://www.dl.dropboxusercontent.com/s/haxikogv2fpcffy/BlenderShapes.x3d
File downloaded successfully: https://www.dl.dropboxusercontent.com/s/haxikogv2fpcffy/BlenderShapes.x3d
File downloaded successfully: https://www.dl.dropboxusercontent.com/s/haxikogv2fpcffy/BlenderShapes.x3d
File downloaded successfully: https://www.dl.dropboxusercontent.com/s/haxikogv2fpcffy/BlenderShapes.x3d
File downloaded successfully: https://www.dl.dropboxusercontent.com/s/haxikogv2fpcffy/BlenderShapes.x3d
File downloaded successfully: https://www.dl.dropboxusercontent.com/s/haxikogv2fpcffy/BlenderShapes.x3d
File downloaded successfully: https://www.dl.dropboxusercontent.com/s/haxikogv2fpcffy/BlenderShapes.x3d
File downloaded successfully: https://www.dl.dropboxusercontent.com/s/haxikogv2fpcffy/BlenderShapes.x3d
File downloaded successfully: https://www.dl.dropboxusercontent.com/s/haxikogv2fpcffy/BlenderShapes.x3d
X3D-Parsing-Error: Failed to download: https://www.dl.dropboxusercontent.com/s/haxikogv2fpcffy/BlenderShapes.x3d
X3D-Parsing-Error: Failed to download: https://www.dl.dropboxusercontent.com/s/haxikogv2fpcffy/BlenderShapes.x3d
X3D-Parsing-Error: Failed to download: https://www.dl.dropboxusercontent.com/s/haxikogv2fpcffy/BlenderShapes.x3d
X3D-Parsing-Error: Failed to download: https://www.dl.dropboxusercontent.com/s/haxikogv2fpcffy/BlenderShapes.x3d
X3D-Parsing-Error: Failed to download: https://www.dl.dropboxusercontent.com/s/haxikogv2fpcffy/BlenderShapes.x3d
File downloaded successfully: https://www.dl.dropboxusercontent.com/s/haxikogv2fpcffy/BlenderShapes.x3d
File downloaded successfully: https://www.dl.dropboxusercontent.com/s/haxikogv2fpcffy/BlenderShapes.x3d
File downloaded successfully: https://www.dl.dropboxusercontent.com/s/haxikogv2fpcffy/BlenderShapes.x3d
File downloaded successfully: https://www.dl.dropboxusercontent.com/s/haxikogv2fpcffy/BlenderShapes.x3d
File downloaded successfully: https://www.dl.dropboxusercontent.com/s/haxikogv2fpcffy/BlenderShapes.x3d
File downloaded successfully: https://www.dl.dropboxusercontent.com/s/haxikogv2fpcffy/BlenderShapes.x3d
File downloaded successfully: https://www.dl.dropboxusercontent.com/s/haxikogv2fpcffy/BlenderShapes.x3d
File downloaded successfully: https://www.dl.dropboxusercontent.com/s/haxikogv2fpcffy/BlenderShapes.x3d
File downloaded successfully: https://www.dl.dropboxusercontent.com/s/haxikogv2fpcffy/BlenderShapes.x3d
File downloaded successfully: https://www.dl.dropboxusercontent.com/s/haxikogv2fpcffy/BlenderShapes.x3d
File downloaded successfully: https://www.dl.dropboxusercontent.com/s/haxikogv2fpcffy/BlenderShapes.x3d
File downloaded successfully: https://www.dl.dropboxusercontent.com/s/haxikogv2fpcffy/BlenderShapes.x3d
File downloaded successfully: https://www.dl.dropboxusercontent.com/s/haxikogv2fpcffy/BlenderShapes.x3d
File downloaded successfully: https://www.dl.dropboxusercontent.com/s/haxikogv2fpcffy/BlenderShapes.x3d
File downloaded successfully: https://www.dl.dropboxusercontent.com/s/haxikogv2fpcffy/BlenderShapes.x3d
File downloaded successfully: https://www.dl.dropboxusercontent.com/s/haxikogv2fpcffy/BlenderShapes.x3d
File downloaded successfully: https://www.dl.dropboxusercontent.com/s/haxikogv2fpcffy/BlenderShapes.x3d
File downloaded successfully: https://www.dl.dropboxusercontent.com/s/haxikogv2fpcffy/BlenderShapes.x3d
File downloaded successfully: https://www.dl.dropboxusercontent.com/s/haxikogv2fpcffy/BlenderShapes.x3d
File downloaded successfully: https://www.dl.dropboxusercontent.com/s/haxikogv2fpcffy/BlenderShapes.x3d
File downloaded successfully: https://www.dl.dropboxusercontent.com/s/haxikogv2fpcffy/BlenderShapes.x3d
File downloaded successfully: https://www.dl.dropboxusercontent.com/s/haxikogv2fpcffy/BlenderShapes.x3d
File downloaded successfully: https://www.dl.dropboxusercontent.com/s/haxikogv2fpcffy/BlenderShapes.x3d
File downloaded successfully: https://www.dl.dropboxusercontent.com/s/haxikogv2fpcffy/BlenderShapes.x3d
File downloaded successfully: https://www.web3d.org/x3d/content/examples/Basic/earth-topo.png
File downloaded successfully: https://www.dl.dropboxusercontent.com/s/haxikogv2fpcffy/BlenderShapes.x3d
File downloaded successfully: https://cdn.pixabay.com/photo/2013/05/25/21/34/mount-merapi-113620_960_720.jpg
File downloaded successfully: https://cdn.pixabay.com/photo/2013/03/04/20/59/valley-90388_960_720.jpg
File downloaded successfully: https://www.dl.dropboxusercontent.com/s/haxikogv2fpcffy/BlenderShapes.x3d
File downloaded successfully: https://www.dl.dropboxusercontent.com/s/haxikogv2fpcffy/BlenderShapes.x3d
File downloaded successfully: https://www.dl.dropboxusercontent.com/s/haxikogv2fpcffy/BlenderShapes.x3d
File downloaded successfully: https://www.dl.dropboxusercontent.com/s/haxikogv2fpcffy/BlenderShapes.x3d
File downloaded successfully: https://www.dl.dropboxusercontent.com/s/haxikogv2fpcffy/BlenderShapes.x3d
File downloaded successfully: https://www.dl.dropboxusercontent.com/s/haxikogv2fpcffy/BlenderShapes.x3d
File downloaded successfully: https://www.dl.dropboxusercontent.com/s/haxikogv2fpcffy/BlenderShapes.x3d
File downloaded successfully: https://www.dl.dropboxusercontent.com/s/haxikogv2fpcffy/BlenderShapes.x3d
File downloaded successfully: https://www.dl.dropboxusercontent.com/s/haxikogv2fpcffy/BlenderShapes.x3d
File downloaded successfully: https://www.dl.dropboxusercontent.com/s/haxikogv2fpcffy/BlenderShapes.x3d
File downloaded successfully: https://www.dl.dropboxusercontent.com/s/haxikogv2fpcffy/BlenderShapes.x3d
File downloaded successfully: https://www.dl.dropboxusercontent.com/s/haxikogv2fpcffy/BlenderShapes.x3d
File downloaded successfully: https://www.web3d.org/x3d/content/examples/Basic/earth-topo.png
File downloaded successfully: https://www.dl.dropboxusercontent.com/s/haxikogv2fpcffy/BlenderShapes.x3d
File downloaded successfully: https://cdn.pixabay.com/photo/2013/05/25/21/34/mount-merapi-113620_960_720.jpg
File downloaded successfully: https://cdn.pixabay.com/photo/2013/03/04/20/59/valley-90388_960_720.jpg
File downloaded successfully: https://www.dl.dropboxusercontent.com/s/haxikogv2fpcffy/BlenderShapes.x3d
File downloaded successfully: https://www.dl.dropboxusercontent.com/s/haxikogv2fpcffy/BlenderShapes.x3d
File downloaded successfully: https://www.dl.dropboxusercontent.com/s/haxikogv2fpcffy/BlenderShapes.x3d
File downloaded successfully: https://www.dl.dropboxusercontent.com/s/haxikogv2fpcffy/BlenderShapes.x3d
File downloaded successfully: https://www.dl.dropboxusercontent.com/s/haxikogv2fpcffy/BlenderShapes.x3d
File downloaded successfully: https://www.dl.dropboxusercontent.com/s/haxikogv2fpcffy/BlenderShapes.x3d
File downloaded successfully: https://www.dl.dropboxusercontent.com/s/haxikogv2fpcffy/BlenderShapes.x3d
File downloaded successfully: https://www.dl.dropboxusercontent.com/s/haxikogv2fpcffy/BlenderShapes.x3d
File downloaded successfully: https://www.dl.dropboxusercontent.com/s/haxikogv2fpcffy/BlenderShapes.x3d
File downloaded successfully: https://www.web3d.org/x3d/content/examples/Basic/earth-topo.png
File downloaded successfully: https://www.dl.dropboxusercontent.com/s/haxikogv2fpcffy/BlenderShapes.x3d
File downloaded successfully: https://cdn.pixabay.com/photo/2013/05/25/21/34/mount-merapi-113620_960_720.jpg
File downloaded successfully: https://cdn.pixabay.com/photo/2013/03/04/20/59/valley-90388_960_720.jpg
File downloaded successfully: https://www.dl.dropboxusercontent.com/s/haxikogv2fpcffy/BlenderShapes.x3d
File downloaded successfully: https://www.dl.dropboxusercontent.com/s/haxikogv2fpcffy/BlenderShapes.x3d
File downloaded successfully: https://www.dl.dropboxusercontent.com/s/haxikogv2fpcffy/BlenderShapes.x3d
File downloaded successfully: https://www.dl.dropboxusercontent.com/s/haxikogv2fpcffy/BlenderShapes.x3d
