  Appearance.cpp
c:\users\noobc\desktop\abgabe\x3d-importer\vektoriaapp\appearance.cpp(45): warning C4834: Der Rückgabewert einer Funktion mit dem "nodiscard"-Attribut wird verworfen.
c:\users\noobc\desktop\abgabe\x3d-importer\vektoriaapp\appearance.cpp(64): warning C4244: "=": Konvertierung von "int" in "float", möglicher Datenverlust
  CGeoArcClose2D.cpp
  c:\program files (x86)\microsoft directx sdk (june 2010)\include\dinput.h: DIRECTINPUT_VERSION undefined. Defaulting to version 0x0800
  CGeoCircle2D.cpp
  c:\program files (x86)\microsoft directx sdk (june 2010)\include\dinput.h: DIRECTINPUT_VERSION undefined. Defaulting to version 0x0800
  Game.cpp
  c:\program files (x86)\microsoft directx sdk (june 2010)\include\dinput.h: DIRECTINPUT_VERSION undefined. Defaulting to version 0x0800
c:\users\noobc\desktop\abgabe\x3d-importer\vektoriaapp\game.cpp(70): warning C4305: "Argument": Verkürzung von "double" in "float"
  Matrix.cpp
  x3dDish.cpp
  x3dModel.cpp
c:\program files (x86)\microsoft visual studio\2017\community\vc\tools\msvc\14.16.27023\include\xmemory0(881): warning C4244: "Initialisierung": Konvertierung von "_Ty" in "_Objty", möglicher Datenverlust
          with
          [
              _Ty=float
          ]
          and
          [
              _Objty=int
          ]
  c:\program files (x86)\microsoft visual studio\2017\community\vc\tools\msvc\14.16.27023\include\vector(900): note: Siehe Verweis auf die Instanziierung der gerade kompilierten Funktions-Vorlage "void std::_Default_allocator_traits<_Alloc>::construct<_Ty,float>(_Alloc &,_Objty *const ,float &&)".
          with
          [
              _Alloc=std::allocator<int>,
              _Ty=int,
              _Objty=int
          ]
  c:\program files (x86)\microsoft visual studio\2017\community\vc\tools\msvc\14.16.27023\include\vector(902): note: Siehe Verweis auf die Instanziierung der gerade kompilierten Funktions-Vorlage "void std::_Default_allocator_traits<_Alloc>::construct<_Ty,float>(_Alloc &,_Objty *const ,float &&)".
          with
          [
              _Alloc=std::allocator<int>,
              _Ty=int,
              _Objty=int
          ]
  c:\program files (x86)\microsoft visual studio\2017\community\vc\tools\msvc\14.16.27023\include\vector(916): note: Siehe Verweis auf die Instanziierung der gerade kompilierten Funktions-Vorlage "_Ty &std::vector<_Ty,std::allocator<_Ty>>::_Emplace_back_with_unused_capacity<float>(float &&)".
          with
          [
              _Ty=int
          ]
  c:\users\noobc\desktop\abgabe\x3d-importer\vektoriaapp\x3dmodel.cpp(125): note: Siehe Verweis auf die Instanziierung der gerade kompilierten Funktions-Vorlage "_Ty &std::vector<_Ty,std::allocator<_Ty>>::emplace_back<float>(float &&)".
          with
          [
              _Ty=int
          ]
  CGeoPyramid.cpp
  c:\program files (x86)\microsoft directx sdk (june 2010)\include\dinput.h: DIRECTINPUT_VERSION undefined. Defaulting to version 0x0800
  x3dPointSet.cpp
c:\users\noobc\desktop\abgabe\x3d-importer\vektoriaapp\x3dpointset.cpp(15): warning C4267: "=": Konvertierung von "size_t" nach "int", Datenverlust möglich
  x3dRectangularTorus.cpp
c:\users\noobc\desktop\abgabe\x3d-importer\vektoriaapp\x3drectangulartorus.h(25): warning C4305: "Initialisierung": Verkürzung von "double" in "float"
c:\users\noobc\desktop\abgabe\x3d-importer\vektoriaapp\x3drectangulartorus.cpp(29): warning C4305: "=": Verkürzung von "double" in "float"
c:\users\noobc\desktop\abgabe\x3d-importer\vektoriaapp\x3drectangulartorus.cpp(31): warning C4305: "=": Verkürzung von "double" in "float"
  x3dShape.cpp
  VektoriaApp.cpp
  c:\program files (x86)\microsoft directx sdk (june 2010)\include\dinput.h: DIRECTINPUT_VERSION undefined. Defaulting to version 0x0800
  x3dArc2D.cpp
c:\users\noobc\desktop\abgabe\x3d-importer\vektoriaapp\x3darc2d.cpp(44): warning C4244: "return": Konvertierung von "double" in "float", möglicher Datenverlust
c:\users\noobc\desktop\abgabe\x3d-importer\vektoriaapp\x3darc2d.cpp(49): warning C4244: "return": Konvertierung von "double" in "float", möglicher Datenverlust
  x3dArcClose2D.cpp
c:\users\noobc\desktop\abgabe\x3d-importer\vektoriaapp\x3darcclose2d.cpp(43): warning C4244: "return": Konvertierung von "double" in "float", möglicher Datenverlust
c:\users\noobc\desktop\abgabe\x3d-importer\vektoriaapp\x3darcclose2d.cpp(48): warning C4244: "return": Konvertierung von "double" in "float", möglicher Datenverlust
  x3dBox.cpp
  x3dCircle2D.cpp
  x3dCone.cpp
  x3dCylinder.cpp
  x3dDirectionalLight.cpp
  x3dDisk2D.cpp
  Kompilieren...
  x3dImporter.cpp
  c:\program files (x86)\microsoft directx sdk (june 2010)\include\dinput.h: DIRECTINPUT_VERSION undefined. Defaulting to version 0x0800
c:\users\noobc\desktop\abgabe\x3d-importer\vektoriaapp\x3dtorus.h(19): warning C4305: "Initialisierung": Verkürzung von "double" in "float"
c:\users\noobc\desktop\abgabe\x3d-importer\vektoriaapp\x3dspotlight.h(32): warning C4244: "Initialisierung": Konvertierung von "float" in "int", möglicher Datenverlust
c:\users\noobc\desktop\abgabe\x3d-importer\vektoriaapp\x3drectangulartorus.h(25): warning C4305: "Initialisierung": Verkürzung von "double" in "float"
c:\users\noobc\desktop\abgabe\x3d-importer\vektoriaapp\x3dimporter.cpp(591): warning C4267: "Initialisierung": Konvertierung von "size_t" nach "int", Datenverlust möglich
c:\users\noobc\desktop\abgabe\x3d-importer\vektoriaapp\x3dimporter.cpp(592): warning C4267: "Initialisierung": Konvertierung von "size_t" nach "int", Datenverlust möglich
c:\users\noobc\desktop\abgabe\x3d-importer\vektoriaapp\x3dimporter.cpp(593): warning C4267: "Initialisierung": Konvertierung von "size_t" nach "int", Datenverlust möglich
c:\users\noobc\desktop\abgabe\x3d-importer\vektoriaapp\x3dimporter.cpp(625): warning C4267: "Initialisierung": Konvertierung von "size_t" nach "int", Datenverlust möglich
c:\users\noobc\desktop\abgabe\x3d-importer\vektoriaapp\x3dimporter.cpp(703): warning C4267: "Initialisierung": Konvertierung von "size_t" nach "int", Datenverlust möglich
c:\users\noobc\desktop\abgabe\x3d-importer\vektoriaapp\x3dimporter.cpp(714): warning C4244: "-=": Konvertierung von "double" in "float", möglicher Datenverlust
c:\users\noobc\desktop\abgabe\x3d-importer\vektoriaapp\x3dimporter.cpp(717): warning C4244: "=": Konvertierung von "double" in "float", möglicher Datenverlust
c:\users\noobc\desktop\abgabe\x3d-importer\vektoriaapp\x3dimporter.cpp(722): warning C4244: "+=": Konvertierung von "double" in "float", möglicher Datenverlust
c:\users\noobc\desktop\abgabe\x3d-importer\vektoriaapp\x3dimporter.cpp(725): warning C4244: "+=": Konvertierung von "double" in "float", möglicher Datenverlust
c:\users\noobc\desktop\abgabe\x3d-importer\vektoriaapp\x3dimporter.cpp(728): warning C4244: "+=": Konvertierung von "double" in "float", möglicher Datenverlust
c:\users\noobc\desktop\abgabe\x3d-importer\vektoriaapp\x3dimporter.cpp(732): warning C4244: "Argument": Konvertierung von "double" in "float", möglicher Datenverlust
  x3dLight.cpp
c:\users\noobc\desktop\abgabe\x3d-importer\vektoriaapp\x3dlight.cpp(100): warning C4244: "=": Konvertierung von "int" in "float", möglicher Datenverlust
c:\users\noobc\desktop\abgabe\x3d-importer\vektoriaapp\x3dlight.cpp(103): warning C4244: "=": Konvertierung von "int" in "float", möglicher Datenverlust
c:\users\noobc\desktop\abgabe\x3d-importer\vektoriaapp\x3dlight.cpp(109): warning C4244: "=": Konvertierung von "int" in "float", möglicher Datenverlust
c:\users\noobc\desktop\abgabe\x3d-importer\vektoriaapp\x3dlight.cpp(112): warning C4244: "=": Konvertierung von "int" in "float", möglicher Datenverlust
  x3dMaterial.cpp
  x3dObject.cpp
  x3dOrthoviewpoint.cpp
  x3dParser.cpp
c:\users\noobc\desktop\abgabe\x3d-importer\vektoriaapp\x3dtorus.h(19): warning C4305: "Initialisierung": Verkürzung von "double" in "float"
c:\users\noobc\desktop\abgabe\x3d-importer\vektoriaapp\x3dspotlight.h(32): warning C4244: "Initialisierung": Konvertierung von "float" in "int", möglicher Datenverlust
c:\users\noobc\desktop\abgabe\x3d-importer\vektoriaapp\x3drectangulartorus.h(25): warning C4305: "Initialisierung": Verkürzung von "double" in "float"
c:\users\noobc\desktop\abgabe\x3d-importer\vektoriaapp\x3dparser.cpp(154): warning C4267: "Initialisierung": Konvertierung von "size_t" nach "int", Datenverlust möglich
  x3dPlane.cpp
  x3dPointLight.cpp
  x3dPyramid.cpp
  x3dSlopedCylinder.cpp
  x3dSnout.cpp
  x3dSphere.cpp
  x3dSphereSegment.cpp
  x3dSpotLight.cpp
c:\users\noobc\desktop\abgabe\x3d-importer\vektoriaapp\x3dspotlight.h(32): warning C4244: "Initialisierung": Konvertierung von "float" in "int", möglicher Datenverlust
c:\users\noobc\desktop\abgabe\x3d-importer\vektoriaapp\x3dspotlight.cpp(28): warning C4244: "=": Konvertierung von "float" in "int", möglicher Datenverlust
  x3dText.cpp
  x3dTexture.cpp
c:\users\noobc\desktop\abgabe\x3d-importer\vektoriaapp\x3dtexture.cpp(64): warning C4834: Der Rückgabewert einer Funktion mit dem "nodiscard"-Attribut wird verworfen.
  x3dTorus.cpp
c:\users\noobc\desktop\abgabe\x3d-importer\vektoriaapp\x3dtorus.h(19): warning C4305: "Initialisierung": Verkürzung von "double" in "float"
c:\users\noobc\desktop\abgabe\x3d-importer\vektoriaapp\x3dtorus.cpp(23): warning C4305: "=": Verkürzung von "double" in "float"
c:\users\noobc\desktop\abgabe\x3d-importer\vektoriaapp\x3dtorus.cpp(25): warning C4305: "=": Verkürzung von "double" in "float"
  x3dView.cpp
  x3dViewpoint.cpp
  Code wird generiert.
  1722 of 1748 functions (98.5%) were compiled, the rest were copied from previous compilation.
    4 functions were new in current compilation
    3 functions had inline decision re-evaluated but remain unchanged
  Codegenerierung ist abgeschlossen.
Vektoria_Release64.lib(DeviceGameControllers.obj) : warning LNK4099: PDB "Vektoria.pdb" wurde nicht mit "Vektoria_Release64.lib(DeviceGameControllers.obj)" oder an "C:\Users\noobc\Desktop\Abgabe\x3d-Importer\x64\Release\Vektoria.pdb" gefunden; Objekt wird verknüpft, als ob keine Debuginformationen vorhanden wären.
Vektoria_Release64.lib(DeviceCursor.obj) : warning LNK4099: PDB "Vektoria.pdb" wurde nicht mit "Vektoria_Release64.lib(DeviceCursor.obj)" oder an "C:\Users\noobc\Desktop\Abgabe\x3d-Importer\x64\Release\Vektoria.pdb" gefunden; Objekt wird verknüpft, als ob keine Debuginformationen vorhanden wären.
Vektoria_Release64.lib(DeviceGameController.obj) : warning LNK4099: PDB "Vektoria.pdb" wurde nicht mit "Vektoria_Release64.lib(DeviceGameController.obj)" oder an "C:\Users\noobc\Desktop\Abgabe\x3d-Importer\x64\Release\Vektoria.pdb" gefunden; Objekt wird verknüpft, als ob keine Debuginformationen vorhanden wären.
Vektoria_Release64.lib(DeviceKeyboard.obj) : warning LNK4099: PDB "Vektoria.pdb" wurde nicht mit "Vektoria_Release64.lib(DeviceKeyboard.obj)" oder an "C:\Users\noobc\Desktop\Abgabe\x3d-Importer\x64\Release\Vektoria.pdb" gefunden; Objekt wird verknüpft, als ob keine Debuginformationen vorhanden wären.
Vektoria_Release64.lib(DeviceVRController.obj) : warning LNK4099: PDB "Vektoria.pdb" wurde nicht mit "Vektoria_Release64.lib(DeviceVRController.obj)" oder an "C:\Users\noobc\Desktop\Abgabe\x3d-Importer\x64\Release\Vektoria.pdb" gefunden; Objekt wird verknüpft, als ob keine Debuginformationen vorhanden wären.
Vektoria_Release64.lib(DeviceVRControllers.obj) : warning LNK4099: PDB "Vektoria.pdb" wurde nicht mit "Vektoria_Release64.lib(DeviceVRControllers.obj)" oder an "C:\Users\noobc\Desktop\Abgabe\x3d-Importer\x64\Release\Vektoria.pdb" gefunden; Objekt wird verknüpft, als ob keine Debuginformationen vorhanden wären.
Vektoria_Release64.lib(EmitterParticles.obj) : warning LNK4099: PDB "Vektoria.pdb" wurde nicht mit "Vektoria_Release64.lib(EmitterParticles.obj)" oder an "C:\Users\noobc\Desktop\Abgabe\x3d-Importer\x64\Release\Vektoria.pdb" gefunden; Objekt wird verknüpft, als ob keine Debuginformationen vorhanden wären.
Vektoria_Release64.lib(FileVektoria.obj) : warning LNK4099: PDB "Vektoria.pdb" wurde nicht mit "Vektoria_Release64.lib(FileVektoria.obj)" oder an "C:\Users\noobc\Desktop\Abgabe\x3d-Importer\x64\Release\Vektoria.pdb" gefunden; Objekt wird verknüpft, als ob keine Debuginformationen vorhanden wären.
Vektoria_Release64.lib(GeoDome.obj) : warning LNK4099: PDB "Vektoria.pdb" wurde nicht mit "Vektoria_Release64.lib(GeoDome.obj)" oder an "C:\Users\noobc\Desktop\Abgabe\x3d-Importer\x64\Release\Vektoria.pdb" gefunden; Objekt wird verknüpft, als ob keine Debuginformationen vorhanden wären.
Vektoria_Release64.lib(GeoLineList.obj) : warning LNK4099: PDB "Vektoria.pdb" wurde nicht mit "Vektoria_Release64.lib(GeoLineList.obj)" oder an "C:\Users\noobc\Desktop\Abgabe\x3d-Importer\x64\Release\Vektoria.pdb" gefunden; Objekt wird verknüpft, als ob keine Debuginformationen vorhanden wären.
Vektoria_Release64.lib(GeoPointList.obj) : warning LNK4099: PDB "Vektoria.pdb" wurde nicht mit "Vektoria_Release64.lib(GeoPointList.obj)" oder an "C:\Users\noobc\Desktop\Abgabe\x3d-Importer\x64\Release\Vektoria.pdb" gefunden; Objekt wird verknüpft, als ob keine Debuginformationen vorhanden wären.
Vektoria_Release64.lib(GeoSphere.obj) : warning LNK4099: PDB "Vektoria.pdb" wurde nicht mit "Vektoria_Release64.lib(GeoSphere.obj)" oder an "C:\Users\noobc\Desktop\Abgabe\x3d-Importer\x64\Release\Vektoria.pdb" gefunden; Objekt wird verknüpft, als ob keine Debuginformationen vorhanden wären.
Vektoria_Release64.lib(GeoTerrain.obj) : warning LNK4099: PDB "Vektoria.pdb" wurde nicht mit "Vektoria_Release64.lib(GeoTerrain.obj)" oder an "C:\Users\noobc\Desktop\Abgabe\x3d-Importer\x64\Release\Vektoria.pdb" gefunden; Objekt wird verknüpft, als ob keine Debuginformationen vorhanden wären.
Vektoria_Release64.lib(GeoTerrainCreateHeight.obj) : warning LNK4099: PDB "Vektoria.pdb" wurde nicht mit "Vektoria_Release64.lib(GeoTerrainCreateHeight.obj)" oder an "C:\Users\noobc\Desktop\Abgabe\x3d-Importer\x64\Release\Vektoria.pdb" gefunden; Objekt wird verknüpft, als ob keine Debuginformationen vorhanden wären.
Vektoria_Release64.lib(GeoTerrains.obj) : warning LNK4099: PDB "Vektoria.pdb" wurde nicht mit "Vektoria_Release64.lib(GeoTerrains.obj)" oder an "C:\Users\noobc\Desktop\Abgabe\x3d-Importer\x64\Release\Vektoria.pdb" gefunden; Objekt wird verknüpft, als ob keine Debuginformationen vorhanden wären.
Vektoria_Release64.lib(GeoTriangleList.obj) : warning LNK4099: PDB "Vektoria.pdb" wurde nicht mit "Vektoria_Release64.lib(GeoTriangleList.obj)" oder an "C:\Users\noobc\Desktop\Abgabe\x3d-Importer\x64\Release\Vektoria.pdb" gefunden; Objekt wird verknüpft, als ob keine Debuginformationen vorhanden wären.
Vektoria_Release64.lib(GeoTriangleLists.obj) : warning LNK4099: PDB "Vektoria.pdb" wurde nicht mit "Vektoria_Release64.lib(GeoTriangleLists.obj)" oder an "C:\Users\noobc\Desktop\Abgabe\x3d-Importer\x64\Release\Vektoria.pdb" gefunden; Objekt wird verknüpft, als ob keine Debuginformationen vorhanden wären.
Vektoria_Release64.lib(GeoTriangleStrip.obj) : warning LNK4099: PDB "Vektoria.pdb" wurde nicht mit "Vektoria_Release64.lib(GeoTriangleStrip.obj)" oder an "C:\Users\noobc\Desktop\Abgabe\x3d-Importer\x64\Release\Vektoria.pdb" gefunden; Objekt wird verknüpft, als ob keine Debuginformationen vorhanden wären.
Vektoria_Release64.lib(GeoTriangleTable.obj) : warning LNK4099: PDB "Vektoria.pdb" wurde nicht mit "Vektoria_Release64.lib(GeoTriangleTable.obj)" oder an "C:\Users\noobc\Desktop\Abgabe\x3d-Importer\x64\Release\Vektoria.pdb" gefunden; Objekt wird verknüpft, als ob keine Debuginformationen vorhanden wären.
Vektoria_Release64.lib(GeoTriangleTableIntersects.obj) : warning LNK4099: PDB "Vektoria.pdb" wurde nicht mit "Vektoria_Release64.lib(GeoTriangleTableIntersects.obj)" oder an "C:\Users\noobc\Desktop\Abgabe\x3d-Importer\x64\Release\Vektoria.pdb" gefunden; Objekt wird verknüpft, als ob keine Debuginformationen vorhanden wären.
Vektoria_Release64.lib(GeoWall.obj) : warning LNK4099: PDB "Vektoria.pdb" wurde nicht mit "Vektoria_Release64.lib(GeoWall.obj)" oder an "C:\Users\noobc\Desktop\Abgabe\x3d-Importer\x64\Release\Vektoria.pdb" gefunden; Objekt wird verknüpft, als ob keine Debuginformationen vorhanden wären.
Vektoria_Release64.lib(GeoWalls.obj) : warning LNK4099: PDB "Vektoria.pdb" wurde nicht mit "Vektoria_Release64.lib(GeoWalls.obj)" oder an "C:\Users\noobc\Desktop\Abgabe\x3d-Importer\x64\Release\Vektoria.pdb" gefunden; Objekt wird verknüpft, als ob keine Debuginformationen vorhanden wären.
Vektoria_Release64.lib(GeoWindow.obj) : warning LNK4099: PDB "Vektoria.pdb" wurde nicht mit "Vektoria_Release64.lib(GeoWindow.obj)" oder an "C:\Users\noobc\Desktop\Abgabe\x3d-Importer\x64\Release\Vektoria.pdb" gefunden; Objekt wird verknüpft, als ob keine Debuginformationen vorhanden wären.
Vektoria_Release64.lib(GeoWindowInstance.obj) : warning LNK4099: PDB "Vektoria.pdb" wurde nicht mit "Vektoria_Release64.lib(GeoWindowInstance.obj)" oder an "C:\Users\noobc\Desktop\Abgabe\x3d-Importer\x64\Release\Vektoria.pdb" gefunden; Objekt wird verknüpft, als ob keine Debuginformationen vorhanden wären.
Vektoria_Release64.lib(GeoWindowInstances.obj) : warning LNK4099: PDB "Vektoria.pdb" wurde nicht mit "Vektoria_Release64.lib(GeoWindowInstances.obj)" oder an "C:\Users\noobc\Desktop\Abgabe\x3d-Importer\x64\Release\Vektoria.pdb" gefunden; Objekt wird verknüpft, als ob keine Debuginformationen vorhanden wären.
Vektoria_Release64.lib(GeoWing.obj) : warning LNK4099: PDB "Vektoria.pdb" wurde nicht mit "Vektoria_Release64.lib(GeoWing.obj)" oder an "C:\Users\noobc\Desktop\Abgabe\x3d-Importer\x64\Release\Vektoria.pdb" gefunden; Objekt wird verknüpft, als ob keine Debuginformationen vorhanden wären.
Vektoria_Release64.lib(GeoWings.obj) : warning LNK4099: PDB "Vektoria.pdb" wurde nicht mit "Vektoria_Release64.lib(GeoWings.obj)" oder an "C:\Users\noobc\Desktop\Abgabe\x3d-Importer\x64\Release\Vektoria.pdb" gefunden; Objekt wird verknüpft, als ob keine Debuginformationen vorhanden wären.
Vektoria_Release64.lib(HitPoint.obj) : warning LNK4099: PDB "Vektoria.pdb" wurde nicht mit "Vektoria_Release64.lib(HitPoint.obj)" oder an "C:\Users\noobc\Desktop\Abgabe\x3d-Importer\x64\Release\Vektoria.pdb" gefunden; Objekt wird verknüpft, als ob keine Debuginformationen vorhanden wären.
Vektoria_Release64.lib(HitPoints.obj) : warning LNK4099: PDB "Vektoria.pdb" wurde nicht mit "Vektoria_Release64.lib(HitPoints.obj)" oder an "C:\Users\noobc\Desktop\Abgabe\x3d-Importer\x64\Release\Vektoria.pdb" gefunden; Objekt wird verknüpft, als ob keine Debuginformationen vorhanden wären.
Vektoria_Release64.lib(LightParallel.obj) : warning LNK4099: PDB "Vektoria.pdb" wurde nicht mit "Vektoria_Release64.lib(LightParallel.obj)" oder an "C:\Users\noobc\Desktop\Abgabe\x3d-Importer\x64\Release\Vektoria.pdb" gefunden; Objekt wird verknüpft, als ob keine Debuginformationen vorhanden wären.
Vektoria_Release64.lib(LightParallels.obj) : warning LNK4099: PDB "Vektoria.pdb" wurde nicht mit "Vektoria_Release64.lib(LightParallels.obj)" oder an "C:\Users\noobc\Desktop\Abgabe\x3d-Importer\x64\Release\Vektoria.pdb" gefunden; Objekt wird verknüpft, als ob keine Debuginformationen vorhanden wären.
Vektoria_Release64.lib(LightRadial.obj) : warning LNK4099: PDB "Vektoria.pdb" wurde nicht mit "Vektoria_Release64.lib(LightRadial.obj)" oder an "C:\Users\noobc\Desktop\Abgabe\x3d-Importer\x64\Release\Vektoria.pdb" gefunden; Objekt wird verknüpft, als ob keine Debuginformationen vorhanden wären.
Vektoria_Release64.lib(LightRadials.obj) : warning LNK4099: PDB "Vektoria.pdb" wurde nicht mit "Vektoria_Release64.lib(LightRadials.obj)" oder an "C:\Users\noobc\Desktop\Abgabe\x3d-Importer\x64\Release\Vektoria.pdb" gefunden; Objekt wird verknüpft, als ob keine Debuginformationen vorhanden wären.
Vektoria_Release64.lib(LightSpot.obj) : warning LNK4099: PDB "Vektoria.pdb" wurde nicht mit "Vektoria_Release64.lib(LightSpot.obj)" oder an "C:\Users\noobc\Desktop\Abgabe\x3d-Importer\x64\Release\Vektoria.pdb" gefunden; Objekt wird verknüpft, als ob keine Debuginformationen vorhanden wären.
Vektoria_Release64.lib(LightSpots.obj) : warning LNK4099: PDB "Vektoria.pdb" wurde nicht mit "Vektoria_Release64.lib(LightSpots.obj)" oder an "C:\Users\noobc\Desktop\Abgabe\x3d-Importer\x64\Release\Vektoria.pdb" gefunden; Objekt wird verknüpft, als ob keine Debuginformationen vorhanden wären.
Vektoria_Release64.lib(Node3D.obj) : warning LNK4099: PDB "Vektoria.pdb" wurde nicht mit "Vektoria_Release64.lib(Node3D.obj)" oder an "C:\Users\noobc\Desktop\Abgabe\x3d-Importer\x64\Release\Vektoria.pdb" gefunden; Objekt wird verknüpft, als ob keine Debuginformationen vorhanden wären.
Vektoria_Release64.lib(NodeInstance.obj) : warning LNK4099: PDB "Vektoria.pdb" wurde nicht mit "Vektoria_Release64.lib(NodeInstance.obj)" oder an "C:\Users\noobc\Desktop\Abgabe\x3d-Importer\x64\Release\Vektoria.pdb" gefunden; Objekt wird verknüpft, als ob keine Debuginformationen vorhanden wären.
Vektoria_Release64.lib(Octree.obj) : warning LNK4099: PDB "Vektoria.pdb" wurde nicht mit "Vektoria_Release64.lib(Octree.obj)" oder an "C:\Users\noobc\Desktop\Abgabe\x3d-Importer\x64\Release\Vektoria.pdb" gefunden; Objekt wird verknüpft, als ob keine Debuginformationen vorhanden wären.
Vektoria_Release64.lib(PlacementPhysics.obj) : warning LNK4099: PDB "Vektoria.pdb" wurde nicht mit "Vektoria_Release64.lib(PlacementPhysics.obj)" oder an "C:\Users\noobc\Desktop\Abgabe\x3d-Importer\x64\Release\Vektoria.pdb" gefunden; Objekt wird verknüpft, als ob keine Debuginformationen vorhanden wären.
Vektoria_Release64.lib(RootGlobals.obj) : warning LNK4099: PDB "Vektoria.pdb" wurde nicht mit "Vektoria_Release64.lib(RootGlobals.obj)" oder an "C:\Users\noobc\Desktop\Abgabe\x3d-Importer\x64\Release\Vektoria.pdb" gefunden; Objekt wird verknüpft, als ob keine Debuginformationen vorhanden wären.
Vektoria_Release64.lib(ScenePhysics.obj) : warning LNK4099: PDB "Vektoria.pdb" wurde nicht mit "Vektoria_Release64.lib(ScenePhysics.obj)" oder an "C:\Users\noobc\Desktop\Abgabe\x3d-Importer\x64\Release\Vektoria.pdb" gefunden; Objekt wird verknüpft, als ob keine Debuginformationen vorhanden wären.
Vektoria_Release64.lib(SceneWeather.obj) : warning LNK4099: PDB "Vektoria.pdb" wurde nicht mit "Vektoria_Release64.lib(SceneWeather.obj)" oder an "C:\Users\noobc\Desktop\Abgabe\x3d-Importer\x64\Release\Vektoria.pdb" gefunden; Objekt wird verknüpft, als ob keine Debuginformationen vorhanden wären.
Vektoria_Release64.lib(Splash.obj) : warning LNK4099: PDB "Vektoria.pdb" wurde nicht mit "Vektoria_Release64.lib(Splash.obj)" oder an "C:\Users\noobc\Desktop\Abgabe\x3d-Importer\x64\Release\Vektoria.pdb" gefunden; Objekt wird verknüpft, als ob keine Debuginformationen vorhanden wären.
Vektoria_Release64.lib(Sprite.obj) : warning LNK4099: PDB "Vektoria.pdb" wurde nicht mit "Vektoria_Release64.lib(Sprite.obj)" oder an "C:\Users\noobc\Desktop\Abgabe\x3d-Importer\x64\Release\Vektoria.pdb" gefunden; Objekt wird verknüpft, als ob keine Debuginformationen vorhanden wären.
Vektoria_Release64.lib(Timer.obj) : warning LNK4099: PDB "Vektoria.pdb" wurde nicht mit "Vektoria_Release64.lib(Timer.obj)" oder an "C:\Users\noobc\Desktop\Abgabe\x3d-Importer\x64\Release\Vektoria.pdb" gefunden; Objekt wird verknüpft, als ob keine Debuginformationen vorhanden wären.
Vektoria_Release64.lib(Audio.obj) : warning LNK4099: PDB "Vektoria.pdb" wurde nicht mit "Vektoria_Release64.lib(Audio.obj)" oder an "C:\Users\noobc\Desktop\Abgabe\x3d-Importer\x64\Release\Vektoria.pdb" gefunden; Objekt wird verknüpft, als ob keine Debuginformationen vorhanden wären.
Vektoria_Release64.lib(Audios.obj) : warning LNK4099: PDB "Vektoria.pdb" wurde nicht mit "Vektoria_Release64.lib(Audios.obj)" oder an "C:\Users\noobc\Desktop\Abgabe\x3d-Importer\x64\Release\Vektoria.pdb" gefunden; Objekt wird verknüpft, als ob keine Debuginformationen vorhanden wären.
Vektoria_Release64.lib(Background.obj) : warning LNK4099: PDB "Vektoria.pdb" wurde nicht mit "Vektoria_Release64.lib(Background.obj)" oder an "C:\Users\noobc\Desktop\Abgabe\x3d-Importer\x64\Release\Vektoria.pdb" gefunden; Objekt wird verknüpft, als ob keine Debuginformationen vorhanden wären.
Vektoria_Release64.lib(Backgrounds.obj) : warning LNK4099: PDB "Vektoria.pdb" wurde nicht mit "Vektoria_Release64.lib(Backgrounds.obj)" oder an "C:\Users\noobc\Desktop\Abgabe\x3d-Importer\x64\Release\Vektoria.pdb" gefunden; Objekt wird verknüpft, als ob keine Debuginformationen vorhanden wären.
Vektoria_Release64.lib(Camera.obj) : warning LNK4099: PDB "Vektoria.pdb" wurde nicht mit "Vektoria_Release64.lib(Camera.obj)" oder an "C:\Users\noobc\Desktop\Abgabe\x3d-Importer\x64\Release\Vektoria.pdb" gefunden; Objekt wird verknüpft, als ob keine Debuginformationen vorhanden wären.
Vektoria_Release64.lib(Cameras.obj) : warning LNK4099: PDB "Vektoria.pdb" wurde nicht mit "Vektoria_Release64.lib(Cameras.obj)" oder an "C:\Users\noobc\Desktop\Abgabe\x3d-Importer\x64\Release\Vektoria.pdb" gefunden; Objekt wird verknüpft, als ob keine Debuginformationen vorhanden wären.
Vektoria_Release64.lib(Emitter.obj) : warning LNK4099: PDB "Vektoria.pdb" wurde nicht mit "Vektoria_Release64.lib(Emitter.obj)" oder an "C:\Users\noobc\Desktop\Abgabe\x3d-Importer\x64\Release\Vektoria.pdb" gefunden; Objekt wird verknüpft, als ob keine Debuginformationen vorhanden wären.
Vektoria_Release64.lib(Emitters.obj) : warning LNK4099: PDB "Vektoria.pdb" wurde nicht mit "Vektoria_Release64.lib(Emitters.obj)" oder an "C:\Users\noobc\Desktop\Abgabe\x3d-Importer\x64\Release\Vektoria.pdb" gefunden; Objekt wird verknüpft, als ob keine Debuginformationen vorhanden wären.
Vektoria_Release64.lib(Face.obj) : warning LNK4099: PDB "Vektoria.pdb" wurde nicht mit "Vektoria_Release64.lib(Face.obj)" oder an "C:\Users\noobc\Desktop\Abgabe\x3d-Importer\x64\Release\Vektoria.pdb" gefunden; Objekt wird verknüpft, als ob keine Debuginformationen vorhanden wären.
Vektoria_Release64.lib(Faces.obj) : warning LNK4099: PDB "Vektoria.pdb" wurde nicht mit "Vektoria_Release64.lib(Faces.obj)" oder an "C:\Users\noobc\Desktop\Abgabe\x3d-Importer\x64\Release\Vektoria.pdb" gefunden; Objekt wird verknüpft, als ob keine Debuginformationen vorhanden wären.
Vektoria_Release64.lib(Frame.obj) : warning LNK4099: PDB "Vektoria.pdb" wurde nicht mit "Vektoria_Release64.lib(Frame.obj)" oder an "C:\Users\noobc\Desktop\Abgabe\x3d-Importer\x64\Release\Vektoria.pdb" gefunden; Objekt wird verknüpft, als ob keine Debuginformationen vorhanden wären.
Vektoria_Release64.lib(Frames.obj) : warning LNK4099: PDB "Vektoria.pdb" wurde nicht mit "Vektoria_Release64.lib(Frames.obj)" oder an "C:\Users\noobc\Desktop\Abgabe\x3d-Importer\x64\Release\Vektoria.pdb" gefunden; Objekt wird verknüpft, als ob keine Debuginformationen vorhanden wären.
Vektoria_Release64.lib(Geo.obj) : warning LNK4099: PDB "Vektoria.pdb" wurde nicht mit "Vektoria_Release64.lib(Geo.obj)" oder an "C:\Users\noobc\Desktop\Abgabe\x3d-Importer\x64\Release\Vektoria.pdb" gefunden; Objekt wird verknüpft, als ob keine Debuginformationen vorhanden wären.
Vektoria_Release64.lib(GeoCube.obj) : warning LNK4099: PDB "Vektoria.pdb" wurde nicht mit "Vektoria_Release64.lib(GeoCube.obj)" oder an "C:\Users\noobc\Desktop\Abgabe\x3d-Importer\x64\Release\Vektoria.pdb" gefunden; Objekt wird verknüpft, als ob keine Debuginformationen vorhanden wären.
Vektoria_Release64.lib(GeoCylinder.obj) : warning LNK4099: PDB "Vektoria.pdb" wurde nicht mit "Vektoria_Release64.lib(GeoCylinder.obj)" oder an "C:\Users\noobc\Desktop\Abgabe\x3d-Importer\x64\Release\Vektoria.pdb" gefunden; Objekt wird verknüpft, als ob keine Debuginformationen vorhanden wären.
Vektoria_Release64.lib(GeoEllipsoid.obj) : warning LNK4099: PDB "Vektoria.pdb" wurde nicht mit "Vektoria_Release64.lib(GeoEllipsoid.obj)" oder an "C:\Users\noobc\Desktop\Abgabe\x3d-Importer\x64\Release\Vektoria.pdb" gefunden; Objekt wird verknüpft, als ob keine Debuginformationen vorhanden wären.
Vektoria_Release64.lib(GeoQuad.obj) : warning LNK4099: PDB "Vektoria.pdb" wurde nicht mit "Vektoria_Release64.lib(GeoQuad.obj)" oder an "C:\Users\noobc\Desktop\Abgabe\x3d-Importer\x64\Release\Vektoria.pdb" gefunden; Objekt wird verknüpft, als ob keine Debuginformationen vorhanden wären.
Vektoria_Release64.lib(Geos.obj) : warning LNK4099: PDB "Vektoria.pdb" wurde nicht mit "Vektoria_Release64.lib(Geos.obj)" oder an "C:\Users\noobc\Desktop\Abgabe\x3d-Importer\x64\Release\Vektoria.pdb" gefunden; Objekt wird verknüpft, als ob keine Debuginformationen vorhanden wären.
Vektoria_Release64.lib(GeoSweep.obj) : warning LNK4099: PDB "Vektoria.pdb" wurde nicht mit "Vektoria_Release64.lib(GeoSweep.obj)" oder an "C:\Users\noobc\Desktop\Abgabe\x3d-Importer\x64\Release\Vektoria.pdb" gefunden; Objekt wird verknüpft, als ob keine Debuginformationen vorhanden wären.
Vektoria_Release64.lib(GeoTube.obj) : warning LNK4099: PDB "Vektoria.pdb" wurde nicht mit "Vektoria_Release64.lib(GeoTube.obj)" oder an "C:\Users\noobc\Desktop\Abgabe\x3d-Importer\x64\Release\Vektoria.pdb" gefunden; Objekt wird verknüpft, als ob keine Debuginformationen vorhanden wären.
Vektoria_Release64.lib(Hardware.obj) : warning LNK4099: PDB "Vektoria.pdb" wurde nicht mit "Vektoria_Release64.lib(Hardware.obj)" oder an "C:\Users\noobc\Desktop\Abgabe\x3d-Importer\x64\Release\Vektoria.pdb" gefunden; Objekt wird verknüpft, als ob keine Debuginformationen vorhanden wären.
Vektoria_Release64.lib(Hardwares.obj) : warning LNK4099: PDB "Vektoria.pdb" wurde nicht mit "Vektoria_Release64.lib(Hardwares.obj)" oder an "C:\Users\noobc\Desktop\Abgabe\x3d-Importer\x64\Release\Vektoria.pdb" gefunden; Objekt wird verknüpft, als ob keine Debuginformationen vorhanden wären.
Vektoria_Release64.lib(Image.obj) : warning LNK4099: PDB "Vektoria.pdb" wurde nicht mit "Vektoria_Release64.lib(Image.obj)" oder an "C:\Users\noobc\Desktop\Abgabe\x3d-Importer\x64\Release\Vektoria.pdb" gefunden; Objekt wird verknüpft, als ob keine Debuginformationen vorhanden wären.
Vektoria_Release64.lib(Light.obj) : warning LNK4099: PDB "Vektoria.pdb" wurde nicht mit "Vektoria_Release64.lib(Light.obj)" oder an "C:\Users\noobc\Desktop\Abgabe\x3d-Importer\x64\Release\Vektoria.pdb" gefunden; Objekt wird verknüpft, als ob keine Debuginformationen vorhanden wären.
Vektoria_Release64.lib(Material.obj) : warning LNK4099: PDB "Vektoria.pdb" wurde nicht mit "Vektoria_Release64.lib(Material.obj)" oder an "C:\Users\noobc\Desktop\Abgabe\x3d-Importer\x64\Release\Vektoria.pdb" gefunden; Objekt wird verknüpft, als ob keine Debuginformationen vorhanden wären.
Vektoria_Release64.lib(Materials.obj) : warning LNK4099: PDB "Vektoria.pdb" wurde nicht mit "Vektoria_Release64.lib(Materials.obj)" oder an "C:\Users\noobc\Desktop\Abgabe\x3d-Importer\x64\Release\Vektoria.pdb" gefunden; Objekt wird verknüpft, als ob keine Debuginformationen vorhanden wären.
Vektoria_Release64.lib(Nodes.obj) : warning LNK4099: PDB "Vektoria.pdb" wurde nicht mit "Vektoria_Release64.lib(Nodes.obj)" oder an "C:\Users\noobc\Desktop\Abgabe\x3d-Importer\x64\Release\Vektoria.pdb" gefunden; Objekt wird verknüpft, als ob keine Debuginformationen vorhanden wären.
Vektoria_Release64.lib(Overlay.obj) : warning LNK4099: PDB "Vektoria.pdb" wurde nicht mit "Vektoria_Release64.lib(Overlay.obj)" oder an "C:\Users\noobc\Desktop\Abgabe\x3d-Importer\x64\Release\Vektoria.pdb" gefunden; Objekt wird verknüpft, als ob keine Debuginformationen vorhanden wären.
Vektoria_Release64.lib(Overlays.obj) : warning LNK4099: PDB "Vektoria.pdb" wurde nicht mit "Vektoria_Release64.lib(Overlays.obj)" oder an "C:\Users\noobc\Desktop\Abgabe\x3d-Importer\x64\Release\Vektoria.pdb" gefunden; Objekt wird verknüpft, als ob keine Debuginformationen vorhanden wären.
Vektoria_Release64.lib(Placement.obj) : warning LNK4099: PDB "Vektoria.pdb" wurde nicht mit "Vektoria_Release64.lib(Placement.obj)" oder an "C:\Users\noobc\Desktop\Abgabe\x3d-Importer\x64\Release\Vektoria.pdb" gefunden; Objekt wird verknüpft, als ob keine Debuginformationen vorhanden wären.
Vektoria_Release64.lib(Placements.obj) : warning LNK4099: PDB "Vektoria.pdb" wurde nicht mit "Vektoria_Release64.lib(Placements.obj)" oder an "C:\Users\noobc\Desktop\Abgabe\x3d-Importer\x64\Release\Vektoria.pdb" gefunden; Objekt wird verknüpft, als ob keine Debuginformationen vorhanden wären.
Vektoria_Release64.lib(Root.obj) : warning LNK4099: PDB "Vektoria.pdb" wurde nicht mit "Vektoria_Release64.lib(Root.obj)" oder an "C:\Users\noobc\Desktop\Abgabe\x3d-Importer\x64\Release\Vektoria.pdb" gefunden; Objekt wird verknüpft, als ob keine Debuginformationen vorhanden wären.
Vektoria_Release64.lib(Scene.obj) : warning LNK4099: PDB "Vektoria.pdb" wurde nicht mit "Vektoria_Release64.lib(Scene.obj)" oder an "C:\Users\noobc\Desktop\Abgabe\x3d-Importer\x64\Release\Vektoria.pdb" gefunden; Objekt wird verknüpft, als ob keine Debuginformationen vorhanden wären.
Vektoria_Release64.lib(Scenes.obj) : warning LNK4099: PDB "Vektoria.pdb" wurde nicht mit "Vektoria_Release64.lib(Scenes.obj)" oder an "C:\Users\noobc\Desktop\Abgabe\x3d-Importer\x64\Release\Vektoria.pdb" gefunden; Objekt wird verknüpft, als ob keine Debuginformationen vorhanden wären.
Vektoria_Release64.lib(Texture.obj) : warning LNK4099: PDB "Vektoria.pdb" wurde nicht mit "Vektoria_Release64.lib(Texture.obj)" oder an "C:\Users\noobc\Desktop\Abgabe\x3d-Importer\x64\Release\Vektoria.pdb" gefunden; Objekt wird verknüpft, als ob keine Debuginformationen vorhanden wären.
Vektoria_Release64.lib(UtilLogFile.obj) : warning LNK4099: PDB "Vektoria.pdb" wurde nicht mit "Vektoria_Release64.lib(UtilLogFile.obj)" oder an "C:\Users\noobc\Desktop\Abgabe\x3d-Importer\x64\Release\Vektoria.pdb" gefunden; Objekt wird verknüpft, als ob keine Debuginformationen vorhanden wären.
Vektoria_Release64.lib(Vertex.obj) : warning LNK4099: PDB "Vektoria.pdb" wurde nicht mit "Vektoria_Release64.lib(Vertex.obj)" oder an "C:\Users\noobc\Desktop\Abgabe\x3d-Importer\x64\Release\Vektoria.pdb" gefunden; Objekt wird verknüpft, als ob keine Debuginformationen vorhanden wären.
Vektoria_Release64.lib(Vertexs.obj) : warning LNK4099: PDB "Vektoria.pdb" wurde nicht mit "Vektoria_Release64.lib(Vertexs.obj)" oder an "C:\Users\noobc\Desktop\Abgabe\x3d-Importer\x64\Release\Vektoria.pdb" gefunden; Objekt wird verknüpft, als ob keine Debuginformationen vorhanden wären.
Vektoria_Release64.lib(Viewport.obj) : warning LNK4099: PDB "Vektoria.pdb" wurde nicht mit "Vektoria_Release64.lib(Viewport.obj)" oder an "C:\Users\noobc\Desktop\Abgabe\x3d-Importer\x64\Release\Vektoria.pdb" gefunden; Objekt wird verknüpft, als ob keine Debuginformationen vorhanden wären.
Vektoria_Release64.lib(Viewports.obj) : warning LNK4099: PDB "Vektoria.pdb" wurde nicht mit "Vektoria_Release64.lib(Viewports.obj)" oder an "C:\Users\noobc\Desktop\Abgabe\x3d-Importer\x64\Release\Vektoria.pdb" gefunden; Objekt wird verknüpft, als ob keine Debuginformationen vorhanden wären.
Vektoria_Release64.lib(Node.obj) : warning LNK4099: PDB "Vektoria.pdb" wurde nicht mit "Vektoria_Release64.lib(Node.obj)" oder an "C:\Users\noobc\Desktop\Abgabe\x3d-Importer\x64\Release\Vektoria.pdb" gefunden; Objekt wird verknüpft, als ob keine Debuginformationen vorhanden wären.
Vektoria_Release64.lib(Wribel.obj) : warning LNK4099: PDB "Vektoria.pdb" wurde nicht mit "Vektoria_Release64.lib(Wribel.obj)" oder an "C:\Users\noobc\Desktop\Abgabe\x3d-Importer\x64\Release\Vektoria.pdb" gefunden; Objekt wird verknüpft, als ob keine Debuginformationen vorhanden wären.
Vektoria_Release64.lib(Wribels.obj) : warning LNK4099: PDB "Vektoria.pdb" wurde nicht mit "Vektoria_Release64.lib(Wribels.obj)" oder an "C:\Users\noobc\Desktop\Abgabe\x3d-Importer\x64\Release\Vektoria.pdb" gefunden; Objekt wird verknüpft, als ob keine Debuginformationen vorhanden wären.
Vektoria_Release64.lib(Writing.obj) : warning LNK4099: PDB "Vektoria.pdb" wurde nicht mit "Vektoria_Release64.lib(Writing.obj)" oder an "C:\Users\noobc\Desktop\Abgabe\x3d-Importer\x64\Release\Vektoria.pdb" gefunden; Objekt wird verknüpft, als ob keine Debuginformationen vorhanden wären.
Vektoria_Release64.lib(WritingChar.obj) : warning LNK4099: PDB "Vektoria.pdb" wurde nicht mit "Vektoria_Release64.lib(WritingChar.obj)" oder an "C:\Users\noobc\Desktop\Abgabe\x3d-Importer\x64\Release\Vektoria.pdb" gefunden; Objekt wird verknüpft, als ob keine Debuginformationen vorhanden wären.
Vektoria_Release64.lib(WritingChars.obj) : warning LNK4099: PDB "Vektoria.pdb" wurde nicht mit "Vektoria_Release64.lib(WritingChars.obj)" oder an "C:\Users\noobc\Desktop\Abgabe\x3d-Importer\x64\Release\Vektoria.pdb" gefunden; Objekt wird verknüpft, als ob keine Debuginformationen vorhanden wären.
Vektoria_Release64.lib(WritingFont.obj) : warning LNK4099: PDB "Vektoria.pdb" wurde nicht mit "Vektoria_Release64.lib(WritingFont.obj)" oder an "C:\Users\noobc\Desktop\Abgabe\x3d-Importer\x64\Release\Vektoria.pdb" gefunden; Objekt wird verknüpft, als ob keine Debuginformationen vorhanden wären.
Vektoria_Release64.lib(Writings.obj) : warning LNK4099: PDB "Vektoria.pdb" wurde nicht mit "Vektoria_Release64.lib(Writings.obj)" oder an "C:\Users\noobc\Desktop\Abgabe\x3d-Importer\x64\Release\Vektoria.pdb" gefunden; Objekt wird verknüpft, als ob keine Debuginformationen vorhanden wären.
VektoriaMath_Release64.lib(2Vector.obj) : warning LNK4099: PDB "VektoriaMath.pdb" wurde nicht mit "VektoriaMath_Release64.lib(2Vector.obj)" oder an "C:\Users\noobc\Desktop\Abgabe\x3d-Importer\x64\Release\VektoriaMath.pdb" gefunden; Objekt wird verknüpft, als ob keine Debuginformationen vorhanden wären.
VektoriaMath_Release64.lib(2Vectors.obj) : warning LNK4099: PDB "VektoriaMath.pdb" wurde nicht mit "VektoriaMath_Release64.lib(2Vectors.obj)" oder an "C:\Users\noobc\Desktop\Abgabe\x3d-Importer\x64\Release\VektoriaMath.pdb" gefunden; Objekt wird verknüpft, als ob keine Debuginformationen vorhanden wären.
VektoriaMath_Release64.lib(AABB.obj) : warning LNK4099: PDB "VektoriaMath.pdb" wurde nicht mit "VektoriaMath_Release64.lib(AABB.obj)" oder an "C:\Users\noobc\Desktop\Abgabe\x3d-Importer\x64\Release\VektoriaMath.pdb" gefunden; Objekt wird verknüpft, als ob keine Debuginformationen vorhanden wären.
VektoriaMath_Release64.lib(Blob.obj) : warning LNK4099: PDB "VektoriaMath.pdb" wurde nicht mit "VektoriaMath_Release64.lib(Blob.obj)" oder an "C:\Users\noobc\Desktop\Abgabe\x3d-Importer\x64\Release\VektoriaMath.pdb" gefunden; Objekt wird verknüpft, als ob keine Debuginformationen vorhanden wären.
VektoriaMath_Release64.lib(Blobs.obj) : warning LNK4099: PDB "VektoriaMath.pdb" wurde nicht mit "VektoriaMath_Release64.lib(Blobs.obj)" oder an "C:\Users\noobc\Desktop\Abgabe\x3d-Importer\x64\Release\VektoriaMath.pdb" gefunden; Objekt wird verknüpft, als ob keine Debuginformationen vorhanden wären.
VektoriaMath_Release64.lib(Color.obj) : warning LNK4099: PDB "VektoriaMath.pdb" wurde nicht mit "VektoriaMath_Release64.lib(Color.obj)" oder an "C:\Users\noobc\Desktop\Abgabe\x3d-Importer\x64\Release\VektoriaMath.pdb" gefunden; Objekt wird verknüpft, als ob keine Debuginformationen vorhanden wären.
VektoriaMath_Release64.lib(Cut.obj) : warning LNK4099: PDB "VektoriaMath.pdb" wurde nicht mit "VektoriaMath_Release64.lib(Cut.obj)" oder an "C:\Users\noobc\Desktop\Abgabe\x3d-Importer\x64\Release\VektoriaMath.pdb" gefunden; Objekt wird verknüpft, als ob keine Debuginformationen vorhanden wären.
VektoriaMath_Release64.lib(Cuts.obj) : warning LNK4099: PDB "VektoriaMath.pdb" wurde nicht mit "VektoriaMath_Release64.lib(Cuts.obj)" oder an "C:\Users\noobc\Desktop\Abgabe\x3d-Importer\x64\Release\VektoriaMath.pdb" gefunden; Objekt wird verknüpft, als ob keine Debuginformationen vorhanden wären.
VektoriaMath_Release64.lib(FloatRect.obj) : warning LNK4099: PDB "VektoriaMath.pdb" wurde nicht mit "VektoriaMath_Release64.lib(FloatRect.obj)" oder an "C:\Users\noobc\Desktop\Abgabe\x3d-Importer\x64\Release\VektoriaMath.pdb" gefunden; Objekt wird verknüpft, als ob keine Debuginformationen vorhanden wären.
VektoriaMath_Release64.lib(FrustumCasted.obj) : warning LNK4099: PDB "VektoriaMath.pdb" wurde nicht mit "VektoriaMath_Release64.lib(FrustumCasted.obj)" oder an "C:\Users\noobc\Desktop\Abgabe\x3d-Importer\x64\Release\VektoriaMath.pdb" gefunden; Objekt wird verknüpft, als ob keine Debuginformationen vorhanden wären.
VektoriaMath_Release64.lib(GraphNoise.obj) : warning LNK4099: PDB "VektoriaMath.pdb" wurde nicht mit "VektoriaMath_Release64.lib(GraphNoise.obj)" oder an "C:\Users\noobc\Desktop\Abgabe\x3d-Importer\x64\Release\VektoriaMath.pdb" gefunden; Objekt wird verknüpft, als ob keine Debuginformationen vorhanden wären.
VektoriaMath_Release64.lib(HMat.obj) : warning LNK4099: PDB "VektoriaMath.pdb" wurde nicht mit "VektoriaMath_Release64.lib(HMat.obj)" oder an "C:\Users\noobc\Desktop\Abgabe\x3d-Importer\x64\Release\VektoriaMath.pdb" gefunden; Objekt wird verknüpft, als ob keine Debuginformationen vorhanden wären.
VektoriaMath_Release64.lib(HMats.obj) : warning LNK4099: PDB "VektoriaMath.pdb" wurde nicht mit "VektoriaMath_Release64.lib(HMats.obj)" oder an "C:\Users\noobc\Desktop\Abgabe\x3d-Importer\x64\Release\VektoriaMath.pdb" gefunden; Objekt wird verknüpft, als ob keine Debuginformationen vorhanden wären.
VektoriaMath_Release64.lib(HVector.obj) : warning LNK4099: PDB "VektoriaMath.pdb" wurde nicht mit "VektoriaMath_Release64.lib(HVector.obj)" oder an "C:\Users\noobc\Desktop\Abgabe\x3d-Importer\x64\Release\VektoriaMath.pdb" gefunden; Objekt wird verknüpft, als ob keine Debuginformationen vorhanden wären.
VektoriaMath_Release64.lib(HVectors.obj) : warning LNK4099: PDB "VektoriaMath.pdb" wurde nicht mit "VektoriaMath_Release64.lib(HVectors.obj)" oder an "C:\Users\noobc\Desktop\Abgabe\x3d-Importer\x64\Release\VektoriaMath.pdb" gefunden; Objekt wird verknüpft, als ob keine Debuginformationen vorhanden wären.
VektoriaMath_Release64.lib(Perlin.obj) : warning LNK4099: PDB "VektoriaMath.pdb" wurde nicht mit "VektoriaMath_Release64.lib(Perlin.obj)" oder an "C:\Users\noobc\Desktop\Abgabe\x3d-Importer\x64\Release\VektoriaMath.pdb" gefunden; Objekt wird verknüpft, als ob keine Debuginformationen vorhanden wären.
VektoriaMath_Release64.lib(Plane.obj) : warning LNK4099: PDB "VektoriaMath.pdb" wurde nicht mit "VektoriaMath_Release64.lib(Plane.obj)" oder an "C:\Users\noobc\Desktop\Abgabe\x3d-Importer\x64\Release\VektoriaMath.pdb" gefunden; Objekt wird verknüpft, als ob keine Debuginformationen vorhanden wären.
VektoriaMath_Release64.lib(Quaternion.obj) : warning LNK4099: PDB "VektoriaMath.pdb" wurde nicht mit "VektoriaMath_Release64.lib(Quaternion.obj)" oder an "C:\Users\noobc\Desktop\Abgabe\x3d-Importer\x64\Release\VektoriaMath.pdb" gefunden; Objekt wird verknüpft, als ob keine Debuginformationen vorhanden wären.
VektoriaMath_Release64.lib(Random.obj) : warning LNK4099: PDB "VektoriaMath.pdb" wurde nicht mit "VektoriaMath_Release64.lib(Random.obj)" oder an "C:\Users\noobc\Desktop\Abgabe\x3d-Importer\x64\Release\VektoriaMath.pdb" gefunden; Objekt wird verknüpft, als ob keine Debuginformationen vorhanden wären.
VektoriaMath_Release64.lib(Ray.obj) : warning LNK4099: PDB "VektoriaMath.pdb" wurde nicht mit "VektoriaMath_Release64.lib(Ray.obj)" oder an "C:\Users\noobc\Desktop\Abgabe\x3d-Importer\x64\Release\VektoriaMath.pdb" gefunden; Objekt wird verknüpft, als ob keine Debuginformationen vorhanden wären.
VektoriaMath_Release64.lib(SineWave.obj) : warning LNK4099: PDB "VektoriaMath.pdb" wurde nicht mit "VektoriaMath_Release64.lib(SineWave.obj)" oder an "C:\Users\noobc\Desktop\Abgabe\x3d-Importer\x64\Release\VektoriaMath.pdb" gefunden; Objekt wird verknüpft, als ob keine Debuginformationen vorhanden wären.
VektoriaMath_Release64.lib(SineWaves.obj) : warning LNK4099: PDB "VektoriaMath.pdb" wurde nicht mit "VektoriaMath_Release64.lib(SineWaves.obj)" oder an "C:\Users\noobc\Desktop\Abgabe\x3d-Importer\x64\Release\VektoriaMath.pdb" gefunden; Objekt wird verknüpft, als ob keine Debuginformationen vorhanden wären.
  VektoriaApp.vcxproj -> C:\Users\noobc\Desktop\Abgabe\x3d-Importer\x64\Release\VektoriaApp.exe
